Using pre-set license
Built from '2021.3/staging' branch; Version is '2021.3.19f1 (c9714fde33b6) revision 13201743'; Using compiler version '192829333'; Build Type 'Release'
OS: 'Windows 11  (10.0.22621) 64bit Professional' Language: 'en' Physical Memory: 7883 MB
BatchMode: 1, IsHumanControllingUs: 0, StartBugReporterOnCrash: 0, Is64bit: 1, IsPro: 1

COMMAND LINE ARGUMENTS:
C:\Program Files\Unity\Hub\Editor\2021.3.19f1\Editor\Unity.exe
-adb2
-batchMode
-noUpm
-name
AssetImportWorker4
-projectPath
C:/Users/Alex/Desktop/FACULTATE/SEM2/MDS/Procedual-Generation
-logFile
Logs/AssetImportWorker4.log
-srvPort
58568
Successfully changed project path to: C:/Users/Alex/Desktop/FACULTATE/SEM2/MDS/Procedual-Generation
C:/Users/Alex/Desktop/FACULTATE/SEM2/MDS/Procedual-Generation
[UnityMemory] Configuration Parameters - Can be set up in boot.config
    "memorysetup-bucket-allocator-granularity=16"
    "memorysetup-bucket-allocator-bucket-count=8"
    "memorysetup-bucket-allocator-block-size=33554432"
    "memorysetup-bucket-allocator-block-count=8"
    "memorysetup-main-allocator-block-size=16777216"
    "memorysetup-thread-allocator-block-size=16777216"
    "memorysetup-gfx-main-allocator-block-size=16777216"
    "memorysetup-gfx-thread-allocator-block-size=16777216"
    "memorysetup-cache-allocator-block-size=4194304"
    "memorysetup-typetree-allocator-block-size=2097152"
    "memorysetup-profiler-bucket-allocator-granularity=16"
    "memorysetup-profiler-bucket-allocator-bucket-count=8"
    "memorysetup-profiler-bucket-allocator-block-size=33554432"
    "memorysetup-profiler-bucket-allocator-block-count=8"
    "memorysetup-profiler-allocator-block-size=16777216"
    "memorysetup-profiler-editor-allocator-block-size=1048576"
    "memorysetup-temp-allocator-size-main=16777216"
    "memorysetup-job-temp-allocator-block-size=2097152"
    "memorysetup-job-temp-allocator-block-size-background=1048576"
    "memorysetup-job-temp-allocator-reduction-small-platforms=262144"
    "memorysetup-temp-allocator-size-background-worker=32768"
    "memorysetup-temp-allocator-size-job-worker=262144"
    "memorysetup-temp-allocator-size-preload-manager=33554432"
    "memorysetup-temp-allocator-size-nav-mesh-worker=65536"
    "memorysetup-temp-allocator-size-audio-worker=65536"
    "memorysetup-temp-allocator-size-cloud-worker=32768"
    "memorysetup-temp-allocator-size-gi-baking-worker=262144"
    "memorysetup-temp-allocator-size-gfx=262144"
Player connection [82360] Host "[IP] 192.168.100.29 [Port] 0 [Flags] 2 [Guid] 1520780485 [EditorId] 1520780485 [Version] 1048832 [Id] WindowsEditor(7,DESKTOP-BIL40C8) [Debug] 1 [PackageName] WindowsEditor [ProjectName] Editor" joined multi-casting on [225.0.0.222:54997]...

Player connection [82360] Host "[IP] 192.168.100.29 [Port] 0 [Flags] 2 [Guid] 1520780485 [EditorId] 1520780485 [Version] 1048832 [Id] WindowsEditor(7,DESKTOP-BIL40C8) [Debug] 1 [PackageName] WindowsEditor [ProjectName] Editor" joined alternative multi-casting on [225.0.0.222:34997]...

Refreshing native plugins compatible for Editor in 163.59 ms, found 4 plugins.
Preloading 0 native plugins for Editor in 0.00 ms.
Initialize engine version: 2021.3.19f1 (c9714fde33b6)
[Subsystems] Discovering subsystems at path C:/Program Files/Unity/Hub/Editor/2021.3.19f1/Editor/Data/Resources/UnitySubsystems
[Subsystems] Discovering subsystems at path C:/Users/Alex/Desktop/FACULTATE/SEM2/MDS/Procedual-Generation/Assets
GfxDevice: creating device client; threaded=0; jobified=0
Direct3D:
    Version:  Direct3D 11.0 [level 11.1]
    Renderer: Intel(R) Iris(R) Xe Graphics (ID=0x9a49)
    Vendor:   Intel
    VRAM:     3941 MB
    Driver:   30.0.101.3111
Shader 'Shader Graphs/WaterShader': fallback shader 'Hidden/Shader Graph/FallbackError' not found
Initialize mono
Mono path[0] = 'C:/Program Files/Unity/Hub/Editor/2021.3.19f1/Editor/Data/Managed'
Mono path[1] = 'C:/Program Files/Unity/Hub/Editor/2021.3.19f1/Editor/Data/MonoBleedingEdge/lib/mono/unityjit-win32'
Mono config path = 'C:/Program Files/Unity/Hub/Editor/2021.3.19f1/Editor/Data/MonoBleedingEdge/etc'
Using monoOptions --debugger-agent=transport=dt_socket,embedding=1,server=y,suspend=n,address=127.0.0.1:56428
Begin MonoManager ReloadAssembly
Registering precompiled unity dll's ...
Register platform support module: C:/Program Files/Unity/Hub/Editor/2021.3.19f1/Editor/Data/PlaybackEngines/WindowsStandaloneSupport/UnityEditor.WindowsStandalone.Extensions.dll
Registered in 0.008386 seconds.
Native extension for WindowsStandalone target not found
Refreshing native plugins compatible for Editor in 152.40 ms, found 4 plugins.
Preloading 0 native plugins for Editor in 0.00 ms.
Mono: successfully reloaded assembly
- Completed reload, in  1.225 seconds
Domain Reload Profiling:
	ReloadAssembly (1226ms)
		BeginReloadAssembly (192ms)
			ExecutionOrderSort (0ms)
			DisableScriptedObjects (0ms)
			BackupInstance (0ms)
			ReleaseScriptingObjects (0ms)
			CreateAndSetChildDomain (3ms)
		EndReloadAssembly (747ms)
			LoadAssemblies (184ms)
			RebuildTransferFunctionScriptingTraits (0ms)
			SetupTypeCache (201ms)
			ReleaseScriptCaches (0ms)
			RebuildScriptCaches (36ms)
			SetupLoadedEditorAssemblies (443ms)
				LogAssemblyErrors (0ms)
				InitializePlatformSupportModulesInManaged (7ms)
				SetLoadedEditorAssemblies (0ms)
				RefreshPlugins (152ms)
				BeforeProcessingInitializeOnLoad (3ms)
				ProcessInitializeOnLoadAttributes (206ms)
				ProcessInitializeOnLoadMethodAttributes (74ms)
				AfterProcessingInitializeOnLoad (0ms)
				EditorAssembliesLoaded (0ms)
			ExecutionOrderSort2 (0ms)
			AwakeInstancesAfterBackupRestoration (0ms)
Platform modules already initialized, skipping
Registering precompiled user dll's ...
Registered in 0.004991 seconds.
Begin MonoManager ReloadAssembly
Symbol file LoadedFromMemory doesn't match image C:\Users\Alex\Desktop\FACULTATE\SEM2\MDS\Procedual-Generation\Library\PackageCache\com.unity.visualscripting@1.8.0\Editor\VisualScripting.Core\Dependencies\YamlDotNet\Unity.VisualScripting.YamlDotNet.dll
Symbol file LoadedFromMemory doesn't match image C:\Users\Alex\Desktop\FACULTATE\SEM2\MDS\Procedual-Generation\Library\PackageCache\com.unity.visualscripting@1.8.0\Editor\VisualScripting.Core\Dependencies\DotNetZip\Unity.VisualScripting.IonicZip.dll
Native extension for WindowsStandalone target not found
Refreshing native plugins compatible for Editor in 125.85 ms, found 4 plugins.
Preloading 0 native plugins for Editor in 0.00 ms.
System.Exception: Error! Visual Scripting: couldn't find visual scripting package
  at Unity.VisualScripting.PackageVersionUtility.get_version () [0x00043] in C:\Users\Alex\Desktop\FACULTATE\SEM2\MDS\Procedual-Generation\Library\PackageCache\com.unity.visualscripting@1.8.0\Editor\VisualScripting.Core\Utilities\PackageVersionUtility.cs:31 
  at Unity.VisualScripting.BoltCoreManifest.get_version () [0x00000] in C:\Users\Alex\Desktop\FACULTATE\SEM2\MDS\Procedual-Generation\Library\PackageCache\com.unity.visualscripting@1.8.0\Editor\VisualScripting.Core\Plugin\BoltCoreManifest.cs:11 
  at Unity.VisualScripting.PluginManifest.get_currentVersion () [0x00000] in C:\Users\Alex\Desktop\FACULTATE\SEM2\MDS\Procedual-Generation\Library\PackageCache\com.unity.visualscripting@1.8.0\Editor\VisualScripting.Core\Plugins\PluginManifest.cs:33 
  at Unity.VisualScripting.PluginManifest.get_versionMismatch () [0x00000] in C:\Users\Alex\Desktop\FACULTATE\SEM2\MDS\Procedual-Generation\Library\PackageCache\com.unity.visualscripting@1.8.0\Editor\VisualScripting.Core\Plugins\PluginManifest.cs:48 
  at Unity.VisualScripting.PluginContainer.Initialize () [0x00525] in C:\Users\Alex\Desktop\FACULTATE\SEM2\MDS\Procedual-Generation\Library\PackageCache\com.unity.visualscripting@1.8.0\Editor\VisualScripting.Core\Plugins\PluginContainer.cs:208 
  at Unity.VisualScripting.PluginContainer.InitializeOnLoad () [0x00009] in C:\Users\Alex\Desktop\FACULTATE\SEM2\MDS\Procedual-Generation\Library\PackageCache\com.unity.visualscripting@1.8.0\Editor\VisualScripting.Core\Plugins\PluginContainer.cs:32 
  at Unity.VisualScripting.VSUsageUtility.DoInitializeOnLoadCalls () [0x00034] in C:\Users\Alex\Desktop\FACULTATE\SEM2\MDS\Procedual-Generation\Library\PackageCache\com.unity.visualscripting@1.8.0\Editor\VisualScripting.Core\Utilities\VSUsageUtility.cs:76 
  at Unity.VisualScripting.VSUsageUtility.set_isVisualScriptingUsed (System.Boolean value) [0x0002c] in C:\Users\Alex\Desktop\FACULTATE\SEM2\MDS\Procedual-Generation\Library\PackageCache\com.unity.visualscripting@1.8.0\Editor\VisualScripting.Core\Utilities\VSUsageUtility.cs:114 
  at Unity.VisualScripting.VSUsageUtility.CheckAndSetIsVisualScriptingUsed () [0x00032] in C:\Users\Alex\Desktop\FACULTATE\SEM2\MDS\Procedual-Generation\Library\PackageCache\com.unity.visualscripting@1.8.0\Editor\VisualScripting.Core\Utilities\VSUsageUtility.cs:48 
  at Unity.VisualScripting.VSUsageUtility..cctor () [0x00000] in C:\Users\Alex\Desktop\FACULTATE\SEM2\MDS\Procedual-Generation\Library\PackageCache\com.unity.visualscripting@1.8.0\Editor\VisualScripting.Core\Utilities\VSUsageUtility.cs:22 
UnityEngine.StackTraceUtility:ExtractStackTrace ()
UnityEngine.DebugLogHandler:LogFormat (UnityEngine.LogType,UnityEngine.Object,string,object[])
UnityEngine.Logger:Log (UnityEngine.LogType,object)
UnityEngine.Debug:LogError (object)
UnityEditor.EditorAssemblies:ProcessInitializeOnLoadAttributes (System.Type[])

Mono: successfully reloaded assembly
- Completed reload, in  2.107 seconds
Domain Reload Profiling:
	ReloadAssembly (2108ms)
		BeginReloadAssembly (158ms)
			ExecutionOrderSort (0ms)
			DisableScriptedObjects (8ms)
			BackupInstance (0ms)
			ReleaseScriptingObjects (0ms)
			CreateAndSetChildDomain (25ms)
		EndReloadAssembly (1819ms)
			LoadAssemblies (218ms)
			RebuildTransferFunctionScriptingTraits (0ms)
			SetupTypeCache (367ms)
			ReleaseScriptCaches (2ms)
			RebuildScriptCaches (75ms)
			SetupLoadedEditorAssemblies (1145ms)
				LogAssemblyErrors (0ms)
				InitializePlatformSupportModulesInManaged (4ms)
				SetLoadedEditorAssemblies (0ms)
				RefreshPlugins (126ms)
				BeforeProcessingInitializeOnLoad (131ms)
				ProcessInitializeOnLoadAttributes (791ms)
				ProcessInitializeOnLoadMethodAttributes (87ms)
				AfterProcessingInitializeOnLoad (6ms)
				EditorAssembliesLoaded (0ms)
			ExecutionOrderSort2 (0ms)
			AwakeInstancesAfterBackupRestoration (6ms)
Platform modules already initialized, skipping
========================================================================
Worker process is ready to serve import requests
Failed to load shader (instanceID 490, GUID 0f4122b9a743b744abe2fb6a0a88868b)
Failed to load shader (instanceID 550, GUID a16365e8c873daa4c94919438490b905)
Failed to load shader (instanceID 552, GUID 5caf62d8bd7c44596ace77ef9eb8ea31)
Failed to load shader (instanceID 554, GUID 9c442dc870b456e48b615cd8add0e9ef)
Failed to load shader (instanceID 556, GUID 77cfa04f893eb8745b6a454a3d51b43c)
Failed to load shader (instanceID 558, GUID 0d0f817524897904ba47a6a1d55e7668)
Failed to load shader (instanceID 562, GUID da07703fcc09f8d4799221050659bd55)
Failed to load shader (instanceID 564, GUID 2df96b66b5510f94b98df2ac6f926ef4)
Failed to load shader (instanceID 560, GUID 69c1f799e772cb6438f56c23efccb782)
Failed to load shader (instanceID 566, GUID 50b406436c6214c49aaaa6011b71dde8)
Failed to load shader (instanceID 568, GUID 4386e57b23a56004c93e1d57d2bbcb4f)
Failed to load shader (instanceID 570, GUID 95e15a77195eb574ab82aaac18b1c796)
Shader 'Shader Graphs/WaterShader': fallback shader 'Hidden/Shader Graph/FallbackError' not found
Launched and connected shader compiler UnityShaderCompiler.exe after 0.10 seconds
Refreshing native plugins compatible for Editor in 0.92 ms, found 4 plugins.
Preloading 0 native plugins for Editor in 0.00 ms.
Unloading 5249 Unused Serialized files (Serialized files now loaded: 0)
Unloading 37 unused Assets / (344.4 KB). Loaded Objects now: 5714.
Memory consumption went from 205.8 MB to 205.5 MB.
Total: 15.977200 ms (FindLiveObjects: 0.484900 ms CreateObjectMapping: 0.255400 ms MarkObjects: 15.102800 ms  DeleteObjects: 0.132900 ms)

AssetImportParameters requested are different than current active one (requested -> active):
  custom:video-decoder-ogg-theora: a1e56fd34408186e4bbccfd4996cb3dc -> 
  custom:container-muxer-webm: aa71ff27fc2769a1b78a27578f13a17b -> 
  custom:container-demuxer-webm: 4f35f7cbe854078d1ac9338744f61a02 -> 
  custom:video-encoder-webm-vp8: eb34c28f22e8b96e1ab97ce403110664 -> 
  custom:audio-encoder-webm-vorbis: bf7c407c2cedff20999df2af8eb42d56 -> 
  custom:framework-win-MediaFoundation: 216162199b28c13a410421893ffa2e32 -> 
  custom:container-demuxer-ogg: 62fdf1f143b41e24485cea50d1cbac27 -> 
  custom:video-decoder-webm-vp8: 9c59270c3fd7afecdb556c50c9e8de78 -> 
  custom:audio-decoder-ogg-vorbis: bf7c407c2cedff20999df2af8eb42d56 -> 
========================================================================
Received Import Request.
  Time since last request: 16035.335968 seconds.
  path: Assets/LowPolyNature/Meshes/tree3_wind.fbx
  artifactKey: Guid(e22d39d0a1147bc48b00e8e1a9abbf62) Importer(815301076,1909f56bfc062723c751e8b465ee728b)
Start importing Assets/LowPolyNature/Meshes/tree3_wind.fbx using Guid(e22d39d0a1147bc48b00e8e1a9abbf62) Importer(815301076,1909f56bfc062723c751e8b465ee728b) Shader 'Universal Render Pipeline/Autodesk Interactive/AutodeskInteractiveMasked': fallback shader 'Hidden/Shader Graph/FallbackError' not found
Shader 'Universal Render Pipeline/Autodesk Interactive/AutodeskInteractiveTransparent': fallback shader 'Hidden/Shader Graph/FallbackError' not found
Shader 'Universal Render Pipeline/Autodesk Interactive/AutodeskInteractive': fallback shader 'Hidden/Shader Graph/FallbackError' not found
Shader 'Shader Graphs/Decal': fallback shader 'Hidden/Shader Graph/FallbackError' not found
 -> (artifact id: 'ff758f86a0d8d7de03f59998ad181dc8') in 0.344910 seconds 
========================================================================
Received Import Request.
  Time since last request: 5.679462 seconds.
  path: Assets/LowPolyNature/Prefabs/Gameplay
  artifactKey: Guid(f9a657577f410404b8e2731d9de8dd79) Importer(815301076,1909f56bfc062723c751e8b465ee728b)
Start importing Assets/LowPolyNature/Prefabs/Gameplay using Guid(f9a657577f410404b8e2731d9de8dd79) Importer(815301076,1909f56bfc062723c751e8b465ee728b)  -> (artifact id: '7b7d840323ceae6a3d9bce47d399ae5c') in 0.010701 seconds 
========================================================================
Received Import Request.
  Time since last request: 0.027067 seconds.
  path: Assets/LowPolyNature/Prefabs/Gameplay/Camera.prefab
  artifactKey: Guid(36fd618751292b64ba42a5014aa68422) Importer(815301076,1909f56bfc062723c751e8b465ee728b)
Start importing Assets/LowPolyNature/Prefabs/Gameplay/Camera.prefab using Guid(36fd618751292b64ba42a5014aa68422) Importer(815301076,1909f56bfc062723c751e8b465ee728b)  -> (artifact id: 'b2bdbd8a47464daf1fbf5998abdf91a1') in 0.015026 seconds 
========================================================================
Received Import Request.
  Time since last request: 61.963854 seconds.
  path: Assets/Textures/Grass.png
  artifactKey: Guid(e36d15b65ccd248c19a846616a6767f9) Importer(815301076,1909f56bfc062723c751e8b465ee728b)
Start importing Assets/Textures/Grass.png using Guid(e36d15b65ccd248c19a846616a6767f9) Importer(815301076,1909f56bfc062723c751e8b465ee728b)  -> (artifact id: '5244d35896e98f7b26fb6d7958ee30b1') in 0.162634 seconds 
========================================================================
Received Import Request.
  Time since last request: 0.000039 seconds.
  path: Assets/Textures/Stony ground.png
  artifactKey: Guid(4d29d513ad3914f329ec976bbc4c5519) Importer(815301076,1909f56bfc062723c751e8b465ee728b)
Start importing Assets/Textures/Stony ground.png using Guid(4d29d513ad3914f329ec976bbc4c5519) Importer(815301076,1909f56bfc062723c751e8b465ee728b)  -> (artifact id: '64bac6802aff7b91ede0268a7c19959a') in 0.034785 seconds 
========================================================================
Received Import Request.
  Time since last request: 0.000039 seconds.
  path: Assets/Textures/Water.png
  artifactKey: Guid(db243d2611d444037835ecd4af49e9b9) Importer(815301076,1909f56bfc062723c751e8b465ee728b)
Start importing Assets/Textures/Water.png using Guid(db243d2611d444037835ecd4af49e9b9) Importer(815301076,1909f56bfc062723c751e8b465ee728b)  -> (artifact id: 'f5b04c3d628bd1d97e18e79e086d8fe6') in 0.028824 seconds 
========================================================================
Received Import Request.
  Time since last request: 0.000048 seconds.
  path: Assets/Textures/Rocks 2.png
  artifactKey: Guid(eaa400899c1df43339b75d2d518f1cf2) Importer(815301076,1909f56bfc062723c751e8b465ee728b)
Start importing Assets/Textures/Rocks 2.png using Guid(eaa400899c1df43339b75d2d518f1cf2) Importer(815301076,1909f56bfc062723c751e8b465ee728b)  -> (artifact id: 'f5e651c0095552665106f89fc0853e88') in 0.028781 seconds 
========================================================================
Received Import Request.
  Time since last request: 1.950854 seconds.
  path: Assets/Textures/Water
  artifactKey: Guid(85ff3acd562232447a5f8f439cfe23ac) Importer(815301076,1909f56bfc062723c751e8b465ee728b)
Start importing Assets/Textures/Water using Guid(85ff3acd562232447a5f8f439cfe23ac) Importer(815301076,1909f56bfc062723c751e8b465ee728b)  -> (artifact id: '79e1c295439e628e7f32f51288fe0c94') in 0.003020 seconds 
========================================================================
Received Import Request.
  Time since last request: 0.065604 seconds.
  path: Assets/Textures/Water/Water normal.jpg
  artifactKey: Guid(6671316605d79c647a38d8b512af6406) Importer(815301076,1909f56bfc062723c751e8b465ee728b)
Start importing Assets/Textures/Water/Water normal.jpg using Guid(6671316605d79c647a38d8b512af6406) Importer(815301076,1909f56bfc062723c751e8b465ee728b)  -> (artifact id: '46eccdd89150374d6a59b9727440e5bc') in 0.029152 seconds 
========================================================================
Received Import Request.
  Time since last request: 0.000027 seconds.
  path: Assets/Textures/Water/WaterReflection.renderTexture
  artifactKey: Guid(4ae8ae7350b67b44785d874c413a2e03) Importer(815301076,1909f56bfc062723c751e8b465ee728b)
Start importing Assets/Textures/Water/WaterReflection.renderTexture using Guid(4ae8ae7350b67b44785d874c413a2e03) Importer(815301076,1909f56bfc062723c751e8b465ee728b)  -> (artifact id: '519b4ddbe502fb51af986dbfb8c8dfd3') in 0.046735 seconds 
========================================================================
Received Prepare
Registering precompiled user dll's ...
Registered in 0.008045 seconds.
Begin MonoManager ReloadAssembly
Symbol file LoadedFromMemory doesn't match image C:\Users\Alex\Desktop\FACULTATE\SEM2\MDS\Procedual-Generation\Library\PackageCache\com.unity.visualscripting@1.8.0\Editor\VisualScripting.Core\Dependencies\YamlDotNet\Unity.VisualScripting.YamlDotNet.dll
Symbol file LoadedFromMemory doesn't match image C:\Users\Alex\Desktop\FACULTATE\SEM2\MDS\Procedual-Generation\Library\PackageCache\com.unity.visualscripting@1.8.0\Editor\VisualScripting.Core\Dependencies\DotNetZip\Unity.VisualScripting.IonicZip.dll
Shader 'Universal Render Pipeline/Autodesk Interactive/AutodeskInteractive': fallback shader 'Hidden/Shader Graph/FallbackError' not found
Shader 'Universal Render Pipeline/Autodesk Interactive/AutodeskInteractiveTransparent': fallback shader 'Hidden/Shader Graph/FallbackError' not found
Shader 'Universal Render Pipeline/Autodesk Interactive/AutodeskInteractiveMasked': fallback shader 'Hidden/Shader Graph/FallbackError' not found
Shader 'Shader Graphs/Decal': fallback shader 'Hidden/Shader Graph/FallbackError' not found
Native extension for WindowsStandalone target not found
Refreshing native plugins compatible for Editor in 26.23 ms, found 4 plugins.
Preloading 0 native plugins for Editor in 0.00 ms.
System.Exception: Error! Visual Scripting: couldn't find visual scripting package
  at Unity.VisualScripting.PackageVersionUtility.get_version () [0x00043] in C:\Users\Alex\Desktop\FACULTATE\SEM2\MDS\Procedual-Generation\Library\PackageCache\com.unity.visualscripting@1.8.0\Editor\VisualScripting.Core\Utilities\PackageVersionUtility.cs:31 
  at Unity.VisualScripting.BoltCoreManifest.get_version () [0x00000] in C:\Users\Alex\Desktop\FACULTATE\SEM2\MDS\Procedual-Generation\Library\PackageCache\com.unity.visualscripting@1.8.0\Editor\VisualScripting.Core\Plugin\BoltCoreManifest.cs:11 
  at Unity.VisualScripting.PluginManifest.get_currentVersion () [0x00000] in C:\Users\Alex\Desktop\FACULTATE\SEM2\MDS\Procedual-Generation\Library\PackageCache\com.unity.visualscripting@1.8.0\Editor\VisualScripting.Core\Plugins\PluginManifest.cs:33 
  at Unity.VisualScripting.PluginManifest.get_versionMismatch () [0x00000] in C:\Users\Alex\Desktop\FACULTATE\SEM2\MDS\Procedual-Generation\Library\PackageCache\com.unity.visualscripting@1.8.0\Editor\VisualScripting.Core\Plugins\PluginManifest.cs:48 
  at Unity.VisualScripting.PluginContainer.Initialize () [0x00525] in C:\Users\Alex\Desktop\FACULTATE\SEM2\MDS\Procedual-Generation\Library\PackageCache\com.unity.visualscripting@1.8.0\Editor\VisualScripting.Core\Plugins\PluginContainer.cs:208 
  at Unity.VisualScripting.PluginContainer.InitializeOnLoad () [0x00009] in C:\Users\Alex\Desktop\FACULTATE\SEM2\MDS\Procedual-Generation\Library\PackageCache\com.unity.visualscripting@1.8.0\Editor\VisualScripting.Core\Plugins\PluginContainer.cs:32 
  at Unity.VisualScripting.VSUsageUtility.DoInitializeOnLoadCalls () [0x00034] in C:\Users\Alex\Desktop\FACULTATE\SEM2\MDS\Procedual-Generation\Library\PackageCache\com.unity.visualscripting@1.8.0\Editor\VisualScripting.Core\Utilities\VSUsageUtility.cs:76 
  at Unity.VisualScripting.VSUsageUtility.set_isVisualScriptingUsed (System.Boolean value) [0x0002c] in C:\Users\Alex\Desktop\FACULTATE\SEM2\MDS\Procedual-Generation\Library\PackageCache\com.unity.visualscripting@1.8.0\Editor\VisualScripting.Core\Utilities\VSUsageUtility.cs:114 
  at Unity.VisualScripting.VSUsageUtility.CheckAndSetIsVisualScriptingUsed () [0x0000d] in C:\Users\Alex\Desktop\FACULTATE\SEM2\MDS\Procedual-Generation\Library\PackageCache\com.unity.visualscripting@1.8.0\Editor\VisualScripting.Core\Utilities\VSUsageUtility.cs:33 
  at Unity.VisualScripting.VSUsageUtility..cctor () [0x00000] in C:\Users\Alex\Desktop\FACULTATE\SEM2\MDS\Procedual-Generation\Library\PackageCache\com.unity.visualscripting@1.8.0\Editor\VisualScripting.Core\Utilities\VSUsageUtility.cs:22 
UnityEngine.StackTraceUtility:ExtractStackTrace ()
UnityEngine.DebugLogHandler:LogFormat (UnityEngine.LogType,UnityEngine.Object,string,object[])
UnityEngine.Logger:Log (UnityEngine.LogType,object)
UnityEngine.Debug:LogError (object)
UnityEditor.EditorAssemblies:ProcessInitializeOnLoadAttributes (System.Type[])

Mono: successfully reloaded assembly
- Completed reload, in 23.443 seconds
Domain Reload Profiling:
	ReloadAssembly (23450ms)
		BeginReloadAssembly (10327ms)
			ExecutionOrderSort (1ms)
			DisableScriptedObjects (7690ms)
			BackupInstance (0ms)
			ReleaseScriptingObjects (2ms)
			CreateAndSetChildDomain (1365ms)
		EndReloadAssembly (12909ms)
			LoadAssemblies (268ms)
			RebuildTransferFunctionScriptingTraits (0ms)
			SetupTypeCache (2802ms)
			ReleaseScriptCaches (5ms)
			RebuildScriptCaches (3539ms)
			SetupLoadedEditorAssemblies (2013ms)
				LogAssemblyErrors (0ms)
				InitializePlatformSupportModulesInManaged (23ms)
				SetLoadedEditorAssemblies (4ms)
				RefreshPlugins (26ms)
				BeforeProcessingInitializeOnLoad (141ms)
				ProcessInitializeOnLoadAttributes (1688ms)
				ProcessInitializeOnLoadMethodAttributes (121ms)
				AfterProcessingInitializeOnLoad (8ms)
				EditorAssembliesLoaded (1ms)
			ExecutionOrderSort2 (0ms)
			AwakeInstancesAfterBackupRestoration (32ms)
Platform modules already initialized, skipping
Failed to load shader (instanceID 490, GUID 0f4122b9a743b744abe2fb6a0a88868b)
Failed to load shader (instanceID 550, GUID a16365e8c873daa4c94919438490b905)
Failed to load shader (instanceID 552, GUID 5caf62d8bd7c44596ace77ef9eb8ea31)
Failed to load shader (instanceID 554, GUID 9c442dc870b456e48b615cd8add0e9ef)
Failed to load shader (instanceID 556, GUID 77cfa04f893eb8745b6a454a3d51b43c)
Failed to load shader (instanceID 558, GUID 0d0f817524897904ba47a6a1d55e7668)
Failed to load shader (instanceID 562, GUID da07703fcc09f8d4799221050659bd55)
Failed to load shader (instanceID 564, GUID 2df96b66b5510f94b98df2ac6f926ef4)
Failed to load shader (instanceID 560, GUID 69c1f799e772cb6438f56c23efccb782)
Failed to load shader (instanceID 566, GUID 50b406436c6214c49aaaa6011b71dde8)
Failed to load shader (instanceID 568, GUID 4386e57b23a56004c93e1d57d2bbcb4f)
Failed to load shader (instanceID 570, GUID 95e15a77195eb574ab82aaac18b1c796)
Shader 'Shader Graphs/WaterShader': fallback shader 'Hidden/Shader Graph/FallbackError' not found
Refreshing native plugins compatible for Editor in 11.35 ms, found 4 plugins.
Preloading 0 native plugins for Editor in 0.00 ms.
Unloading 5136 Unused Serialized files (Serialized files now loaded: 0)
Unloading 24 unused Assets / (309.9 KB). Loaded Objects now: 5779.
Memory consumption went from 204.7 MB to 204.4 MB.
Total: 91.445200 ms (FindLiveObjects: 0.687700 ms CreateObjectMapping: 0.955200 ms MarkObjects: 89.536700 ms  DeleteObjects: 0.263000 ms)

AssetImportParameters requested are different than current active one (requested -> active):
  custom:video-decoder-ogg-theora: a1e56fd34408186e4bbccfd4996cb3dc -> 
  custom:container-muxer-webm: aa71ff27fc2769a1b78a27578f13a17b -> 
  custom:container-demuxer-webm: 4f35f7cbe854078d1ac9338744f61a02 -> 
  custom:video-encoder-webm-vp8: eb34c28f22e8b96e1ab97ce403110664 -> 
  custom:audio-encoder-webm-vorbis: bf7c407c2cedff20999df2af8eb42d56 -> 
  custom:framework-win-MediaFoundation: 216162199b28c13a410421893ffa2e32 -> 
  custom:container-demuxer-ogg: 62fdf1f143b41e24485cea50d1cbac27 -> 
  custom:video-decoder-webm-vp8: 9c59270c3fd7afecdb556c50c9e8de78 -> 
  custom:audio-decoder-ogg-vorbis: bf7c407c2cedff20999df2af8eb42d56 -> 
